mode: set
gophercises/exercise17/cmd/cobra/root.go:19.13,21.2 1 1
gophercises/exercise17/cmd/cobra/root.go:23.27,26.2 2 1
gophercises/exercise17/cmd/cobra/set.go:13.47,17.17 4 1
gophercises/exercise17/cmd/cobra/set.go:20.3,20.41 1 1
gophercises/exercise17/cmd/cobra/set.go:17.17,19.4 1 1
gophercises/exercise17/cmd/cobra/set.go:24.13,26.2 1 1
gophercises/exercise17/cmd/cobra/get.go:13.47,17.17 4 1
gophercises/exercise17/cmd/cobra/get.go:21.3,21.38 1 1
gophercises/exercise17/cmd/cobra/get.go:17.17,20.4 2 1
gophercises/exercise17/cmd/cobra/get.go:25.13,27.2 1 1
gophercises/exercise17/vault.go:14.48,19.2 1 1
gophercises/exercise17/vault.go:29.30,31.16 2 1
gophercises/exercise17/vault.go:35.2,37.16 3 1
gophercises/exercise17/vault.go:40.2,40.27 1 1
gophercises/exercise17/vault.go:31.16,34.3 2 1
gophercises/exercise17/vault.go:37.16,39.3 1 1
gophercises/exercise17/vault.go:43.50,46.2 2 1
gophercises/exercise17/vault.go:48.30,50.16 2 1
gophercises/exercise17/vault.go:53.2,55.16 3 1
gophercises/exercise17/vault.go:58.2,58.28 1 1
gophercises/exercise17/vault.go:50.16,52.3 1 1
gophercises/exercise17/vault.go:55.16,57.3 1 0
gophercises/exercise17/vault.go:61.51,64.2 2 1
gophercises/exercise17/vault.go:67.49,71.16 4 1
gophercises/exercise17/vault.go:74.2,75.9 2 1
gophercises/exercise17/vault.go:78.2,78.19 1 1
gophercises/exercise17/vault.go:71.16,73.3 1 1
gophercises/exercise17/vault.go:75.9,77.3 1 1
gophercises/exercise17/vault.go:82.46,86.16 4 1
gophercises/exercise17/vault.go:89.2,91.12 3 1
gophercises/exercise17/vault.go:86.16,88.3 1 1
gophercises/exercise17/ciphers/cipher.go:13.66,15.16 2 1
gophercises/exercise17/ciphers/cipher.go:18.2,18.47 1 1
gophercises/exercise17/ciphers/cipher.go:15.16,17.3 1 1
gophercises/exercise17/ciphers/cipher.go:23.75,25.56 2 1
gophercises/exercise17/ciphers/cipher.go:28.2,29.16 2 1
gophercises/exercise17/ciphers/cipher.go:32.2,33.32 2 1
gophercises/exercise17/ciphers/cipher.go:36.2,36.51 1 1
gophercises/exercise17/ciphers/cipher.go:25.56,27.3 1 0
gophercises/exercise17/ciphers/cipher.go:29.16,31.3 1 1
gophercises/exercise17/ciphers/cipher.go:33.32,35.3 1 1
gophercises/exercise17/ciphers/cipher.go:39.66,41.16 2 1
gophercises/exercise17/ciphers/cipher.go:44.2,44.47 1 1
gophercises/exercise17/ciphers/cipher.go:41.16,43.3 1 1
gophercises/exercise17/ciphers/cipher.go:50.75,53.31 3 1
gophercises/exercise17/ciphers/cipher.go:56.2,57.16 2 1
gophercises/exercise17/ciphers/cipher.go:60.2,60.51 1 1
gophercises/exercise17/ciphers/cipher.go:53.31,55.3 1 1
gophercises/exercise17/ciphers/cipher.go:57.16,59.3 1 1
gophercises/exercise17/ciphers/cipher.go:66.55,71.2 4 1
